<?xml version="1.0" encoding="UTF-8"?>
<!-- Generated by org.testng.reporters.JUnitReportReporter -->
<testsuite hostname="DESKTOP-TCB77E3" failures="0" tests="2" name="starthealthScenario2.TestStarthealthLink" time="3.050" errors="0" timestamp="2024-02-01T16:12:08 IST" skipped="0">
  <testcase classname="starthealthScenario2.TestStarthealthLink" name="click_onPlans" time="2.675"/>
  <system-out/>
  <testcase classname="starthealthScenario2.TestStarthealthLink" name="click_on_option" time="0.375"/>
  <system-out/>
</testsuite> <!-- starthealthScenario2.TestStarthealthLink -->
